<?xml version="1.0" encoding="UTF-8" ?>
<testsuite tests="1" failures="1" name="com.runner.TestRunner" time="19.68" errors="0" skipped="0">
  <properties>
[...]
</properties>
  <testcase classname="To validate the login functionality of Facebook" name="To validate fb login with invalid credientials" time="19.68">
    <failure type="java.lang.AssertionError">java.lang.AssertionError
	at org.junit.Assert.fail(Assert.java:86)
	at org.junit.Assert.assertTrue(Assert.java:41)
	at org.junit.Assert.assertTrue(Assert.java:52)
	at com.stepdefinition.LoginSteps.the_user_sshould_be_in_invalid_login_Page(LoginSteps.java:38)
	at ✽.The user sshould be in invalid login Page(file:src/test/resources/Features/login.feature:9)
</failure>
    <system-out>@E2E
Feature: To validate the login functionality of Facebook

  @Smoke @Regression
  Scenario Outline: To validate fb login with invalid credientials # src/test/resources/Features/login.feature:5
    Given The user should be in Fblogin page
    When The has to be fill &quot;&lt;username&gt;&quot; and &quot;&lt;password&gt;&quot;
    And The user has to click login button
    Then The user sshould be in invalid login Page

    Examples: 

  @E2E @Smoke @Regression
  Scenario Outline: To validate fb login with invalid credientials # src/test/resources/Features/login.feature:13
Before scenario.....2
Before scenario.....1
    Given The user should be in Fblogin page                       # LoginSteps.the_user_should_be_in_Fblogin_page()
    When The has to be fill &quot;manoj&quot; and &quot;1252&quot;                     # LoginSteps.the_has_to_be_fill_and(String,String)
    And The user has to click login button                         # LoginSteps.the_user_has_to_click_login_button()
    Then The user sshould be in invalid login Page                 # LoginSteps.the_user_sshould_be_in_invalid_login_Page()
      java.lang.AssertionError
	at org.junit.Assert.fail(Assert.java:86)
	at org.junit.Assert.assertTrue(Assert.java:41)
	at org.junit.Assert.assertTrue(Assert.java:52)
	at com.stepdefinition.LoginSteps.the_user_sshould_be_in_invalid_login_Page(LoginSteps.java:38)
	at ?.The user sshould be in invalid login Page(file:src/test/resources/Features/login.feature:9)

After Scenario.....1
After Scenario.....2
</system-out>
    <system-err>Starting ChromeDriver 87.0.4280.20 (c99e81631faa0b2a448e658c0dbd8311fb04ddbd-refs/branch-heads/4280@{#355}) on port 30188
Only local connections are allowed.
Please see https://chromedriver.chromium.org/security-considerations for suggestions on keeping ChromeDriver safe.
ChromeDriver was started successfully.
Dec 22, 2020 4:20:53 PM org.openqa.selenium.remote.ProtocolHandshake createSession
INFO: Detected dialect: W3C
</system-err>
  </testcase>
</testsuite>